<?xml version="1.0" encoding="UTF-8"?>
<testng-results skipped="0" failed="0" ignored="0" total="2" passed="2">
  <reporter-output>
  </reporter-output>
  <suite name="Default suite" duration-ms="36484" started-at="2021-02-06T00:14:44 IST" finished-at="2021-02-06T00:15:20 IST">
    <groups>
    </groups>
    <test name="Default test" duration-ms="36484" started-at="2021-02-06T00:14:44 IST" finished-at="2021-02-06T00:15:20 IST">
      <class name="com.crm.qa.testcases.LoginPageTest">
        <test-method status="PASS" signature="setUp()[pri:0, instance:com.crm.qa.testcases.LoginPageTest@6043cd28]" name="setUp" is-config="true" duration-ms="14372" started-at="2021-02-06T00:14:44 IST" finished-at="2021-02-06T00:14:58 IST">
          <reporter-output>
          </reporter-output>
        </test-method> <!-- setUp -->
        <test-method status="PASS" signature="crmLogoImageTest()[pri:1, instance:com.crm.qa.testcases.LoginPageTest@6043cd28]" name="crmLogoImageTest" duration-ms="57" started-at="2021-02-06T00:14:58 IST" finished-at="2021-02-06T00:14:58 IST">
          <reporter-output>
          </reporter-output>
        </test-method> <!-- crmLogoImageTest -->
        <test-method status="PASS" signature="tearDown()[pri:0, instance:com.crm.qa.testcases.LoginPageTest@6043cd28]" name="tearDown" is-config="true" duration-ms="814" started-at="2021-02-06T00:14:58 IST" finished-at="2021-02-06T00:14:59 IST">
          <reporter-output>
          </reporter-output>
        </test-method> <!-- tearDown -->
        <test-method status="PASS" signature="setUp()[pri:0, instance:com.crm.qa.testcases.LoginPageTest@6043cd28]" name="setUp" is-config="true" duration-ms="13980" started-at="2021-02-06T00:14:59 IST" finished-at="2021-02-06T00:15:13 IST">
          <reporter-output>
          </reporter-output>
        </test-method> <!-- setUp -->
        <test-method status="PASS" signature="loginTest()[pri:2, instance:com.crm.qa.testcases.LoginPageTest@6043cd28]" name="loginTest" duration-ms="6560" started-at="2021-02-06T00:15:13 IST" finished-at="2021-02-06T00:15:19 IST">
          <reporter-output>
          </reporter-output>
        </test-method> <!-- loginTest -->
        <test-method status="PASS" signature="tearDown()[pri:0, instance:com.crm.qa.testcases.LoginPageTest@6043cd28]" name="tearDown" is-config="true" duration-ms="632" started-at="2021-02-06T00:15:19 IST" finished-at="2021-02-06T00:15:20 IST">
          <reporter-output>
          </reporter-output>
        </test-method> <!-- tearDown -->
      </class> <!-- com.crm.qa.testcases.LoginPageTest -->
    </test> <!-- Default test -->
  </suite> <!-- Default suite -->
</testng-results>
